ARM GAS  /tmp/cclbmF0M.s 			page 1


   1              		.cpu cortex-m3
   2              		.arch armv7-m
   3              		.fpu softvfp
   4              		.eabi_attribute 20, 1
   5              		.eabi_attribute 21, 1
   6              		.eabi_attribute 23, 3
   7              		.eabi_attribute 24, 1
   8              		.eabi_attribute 25, 1
   9              		.eabi_attribute 26, 1
  10              		.eabi_attribute 30, 1
  11              		.eabi_attribute 34, 1
  12              		.eabi_attribute 18, 4
  13              		.file	"gpio.c"
  14              		.text
  15              	.Ltext0:
  16              		.cfi_sections	.debug_frame
  17              		.file 1 "Core/Src/gpio.c"
  18              		.section	.text.MX_GPIO_Init,"ax",%progbits
  19              		.align	1
  20              		.global	MX_GPIO_Init
  21              		.syntax unified
  22              		.thumb
  23              		.thumb_func
  25              	MX_GPIO_Init:
  26              	.LFB65:
   1:Core/Src/gpio.c **** /* USER CODE BEGIN Header */
   2:Core/Src/gpio.c **** /**
   3:Core/Src/gpio.c ****   ******************************************************************************
   4:Core/Src/gpio.c ****   * @file    gpio.c
   5:Core/Src/gpio.c ****   * @brief   This file provides code for the configuration
   6:Core/Src/gpio.c ****   *          of all used GPIO pins.
   7:Core/Src/gpio.c ****   ******************************************************************************
   8:Core/Src/gpio.c ****   * @attention
   9:Core/Src/gpio.c ****   *
  10:Core/Src/gpio.c ****   * Copyright (c) 2024 STMicroelectronics.
  11:Core/Src/gpio.c ****   * All rights reserved.
  12:Core/Src/gpio.c ****   *
  13:Core/Src/gpio.c ****   * This software is licensed under terms that can be found in the LICENSE file
  14:Core/Src/gpio.c ****   * in the root directory of this software component.
  15:Core/Src/gpio.c ****   * If no LICENSE file comes with this software, it is provided AS-IS.
  16:Core/Src/gpio.c ****   *
  17:Core/Src/gpio.c ****   ******************************************************************************
  18:Core/Src/gpio.c ****   */
  19:Core/Src/gpio.c **** /* USER CODE END Header */
  20:Core/Src/gpio.c **** 
  21:Core/Src/gpio.c **** /* Includes ------------------------------------------------------------------*/
  22:Core/Src/gpio.c **** #include "gpio.h"
  23:Core/Src/gpio.c **** 
  24:Core/Src/gpio.c **** /* USER CODE BEGIN 0 */
  25:Core/Src/gpio.c **** 
  26:Core/Src/gpio.c **** /* USER CODE END 0 */
  27:Core/Src/gpio.c **** 
  28:Core/Src/gpio.c **** /*----------------------------------------------------------------------------*/
  29:Core/Src/gpio.c **** /* Configure GPIO                                                             */
  30:Core/Src/gpio.c **** /*----------------------------------------------------------------------------*/
  31:Core/Src/gpio.c **** /* USER CODE BEGIN 1 */
  32:Core/Src/gpio.c **** 
ARM GAS  /tmp/cclbmF0M.s 			page 2


  33:Core/Src/gpio.c **** /* USER CODE END 1 */
  34:Core/Src/gpio.c **** 
  35:Core/Src/gpio.c **** /** Configure pins as
  36:Core/Src/gpio.c ****         * Analog
  37:Core/Src/gpio.c ****         * Input
  38:Core/Src/gpio.c ****         * Output
  39:Core/Src/gpio.c ****         * EVENT_OUT
  40:Core/Src/gpio.c ****         * EXTI
  41:Core/Src/gpio.c **** */
  42:Core/Src/gpio.c **** void MX_GPIO_Init(void)
  43:Core/Src/gpio.c **** {
  27              		.loc 1 43 1 view -0
  28              		.cfi_startproc
  29              		@ args = 0, pretend = 0, frame = 32
  30              		@ frame_needed = 0, uses_anonymous_args = 0
  31 0000 F0B5     		push	{r4, r5, r6, r7, lr}
  32              	.LCFI0:
  33              		.cfi_def_cfa_offset 20
  34              		.cfi_offset 4, -20
  35              		.cfi_offset 5, -16
  36              		.cfi_offset 6, -12
  37              		.cfi_offset 7, -8
  38              		.cfi_offset 14, -4
  39 0002 89B0     		sub	sp, sp, #36
  40              	.LCFI1:
  41              		.cfi_def_cfa_offset 56
  44:Core/Src/gpio.c **** 
  45:Core/Src/gpio.c ****   GPIO_InitTypeDef GPIO_InitStruct = {0};
  42              		.loc 1 45 3 view .LVU1
  43              		.loc 1 45 20 is_stmt 0 view .LVU2
  44 0004 0024     		movs	r4, #0
  45 0006 0494     		str	r4, [sp, #16]
  46 0008 0594     		str	r4, [sp, #20]
  47 000a 0694     		str	r4, [sp, #24]
  48 000c 0794     		str	r4, [sp, #28]
  46:Core/Src/gpio.c **** 
  47:Core/Src/gpio.c ****   /* GPIO Ports Clock Enable */
  48:Core/Src/gpio.c ****   __HAL_RCC_GPIOD_CLK_ENABLE();
  49              		.loc 1 48 3 is_stmt 1 view .LVU3
  50              	.LBB2:
  51              		.loc 1 48 3 view .LVU4
  52              		.loc 1 48 3 view .LVU5
  53 000e 1D4B     		ldr	r3, .L3
  54 0010 9A69     		ldr	r2, [r3, #24]
  55 0012 42F02002 		orr	r2, r2, #32
  56 0016 9A61     		str	r2, [r3, #24]
  57              		.loc 1 48 3 view .LVU6
  58 0018 9A69     		ldr	r2, [r3, #24]
  59 001a 02F02002 		and	r2, r2, #32
  60 001e 0192     		str	r2, [sp, #4]
  61              		.loc 1 48 3 view .LVU7
  62 0020 019A     		ldr	r2, [sp, #4]
  63              	.LBE2:
  64              		.loc 1 48 3 view .LVU8
  49:Core/Src/gpio.c ****   __HAL_RCC_GPIOA_CLK_ENABLE();
  65              		.loc 1 49 3 view .LVU9
  66              	.LBB3:
ARM GAS  /tmp/cclbmF0M.s 			page 3


  67              		.loc 1 49 3 view .LVU10
  68              		.loc 1 49 3 view .LVU11
  69 0022 9A69     		ldr	r2, [r3, #24]
  70 0024 42F00402 		orr	r2, r2, #4
  71 0028 9A61     		str	r2, [r3, #24]
  72              		.loc 1 49 3 view .LVU12
  73 002a 9A69     		ldr	r2, [r3, #24]
  74 002c 02F00402 		and	r2, r2, #4
  75 0030 0292     		str	r2, [sp, #8]
  76              		.loc 1 49 3 view .LVU13
  77 0032 029A     		ldr	r2, [sp, #8]
  78              	.LBE3:
  79              		.loc 1 49 3 view .LVU14
  50:Core/Src/gpio.c ****   __HAL_RCC_GPIOB_CLK_ENABLE();
  80              		.loc 1 50 3 view .LVU15
  81              	.LBB4:
  82              		.loc 1 50 3 view .LVU16
  83              		.loc 1 50 3 view .LVU17
  84 0034 9A69     		ldr	r2, [r3, #24]
  85 0036 42F00802 		orr	r2, r2, #8
  86 003a 9A61     		str	r2, [r3, #24]
  87              		.loc 1 50 3 view .LVU18
  88 003c 9B69     		ldr	r3, [r3, #24]
  89 003e 03F00803 		and	r3, r3, #8
  90 0042 0393     		str	r3, [sp, #12]
  91              		.loc 1 50 3 view .LVU19
  92 0044 039B     		ldr	r3, [sp, #12]
  93              	.LBE4:
  94              		.loc 1 50 3 view .LVU20
  51:Core/Src/gpio.c **** 
  52:Core/Src/gpio.c ****   /*Configure GPIO pin Output Level */
  53:Core/Src/gpio.c ****   HAL_GPIO_WritePin(GPIOB, GPIO_PIN_4, GPIO_PIN_RESET);
  95              		.loc 1 53 3 view .LVU21
  96 0046 104D     		ldr	r5, .L3+4
  97 0048 2246     		mov	r2, r4
  98 004a 1021     		movs	r1, #16
  99 004c 2846     		mov	r0, r5
 100 004e FFF7FEFF 		bl	HAL_GPIO_WritePin
 101              	.LVL0:
  54:Core/Src/gpio.c **** 
  55:Core/Src/gpio.c ****   /*Configure GPIO pin Output Level */
  56:Core/Src/gpio.c ****   HAL_GPIO_WritePin(GPIOB, GPIO_PIN_5, GPIO_PIN_SET);
 102              		.loc 1 56 3 view .LVU22
 103 0052 0122     		movs	r2, #1
 104 0054 2021     		movs	r1, #32
 105 0056 2846     		mov	r0, r5
 106 0058 FFF7FEFF 		bl	HAL_GPIO_WritePin
 107              	.LVL1:
  57:Core/Src/gpio.c **** 
  58:Core/Src/gpio.c ****   /*Configure GPIO pin : PB1 */
  59:Core/Src/gpio.c ****   GPIO_InitStruct.Pin = GPIO_PIN_1;
 108              		.loc 1 59 3 view .LVU23
 109              		.loc 1 59 23 is_stmt 0 view .LVU24
 110 005c 0226     		movs	r6, #2
 111 005e 0496     		str	r6, [sp, #16]
  60:Core/Src/gpio.c ****   GPIO_InitStruct.Mode = GPIO_MODE_INPUT;
 112              		.loc 1 60 3 is_stmt 1 view .LVU25
ARM GAS  /tmp/cclbmF0M.s 			page 4


 113              		.loc 1 60 24 is_stmt 0 view .LVU26
 114 0060 0594     		str	r4, [sp, #20]
  61:Core/Src/gpio.c ****   GPIO_InitStruct.Pull = GPIO_PULLUP;
 115              		.loc 1 61 3 is_stmt 1 view .LVU27
 116              		.loc 1 61 24 is_stmt 0 view .LVU28
 117 0062 0127     		movs	r7, #1
 118 0064 0697     		str	r7, [sp, #24]
  62:Core/Src/gpio.c ****   HAL_GPIO_Init(GPIOB, &GPIO_InitStruct);
 119              		.loc 1 62 3 is_stmt 1 view .LVU29
 120 0066 04A9     		add	r1, sp, #16
 121 0068 2846     		mov	r0, r5
 122 006a FFF7FEFF 		bl	HAL_GPIO_Init
 123              	.LVL2:
  63:Core/Src/gpio.c **** 
  64:Core/Src/gpio.c ****   /*Configure GPIO pins : PB4 PB5 */
  65:Core/Src/gpio.c ****   GPIO_InitStruct.Pin = GPIO_PIN_4|GPIO_PIN_5;
 124              		.loc 1 65 3 view .LVU30
 125              		.loc 1 65 23 is_stmt 0 view .LVU31
 126 006e 3023     		movs	r3, #48
 127 0070 0493     		str	r3, [sp, #16]
  66:Core/Src/gpio.c ****   GPIO_InitStruct.Mode = GPIO_MODE_OUTPUT_PP;
 128              		.loc 1 66 3 is_stmt 1 view .LVU32
 129              		.loc 1 66 24 is_stmt 0 view .LVU33
 130 0072 0597     		str	r7, [sp, #20]
  67:Core/Src/gpio.c ****   GPIO_InitStruct.Pull = GPIO_NOPULL;
 131              		.loc 1 67 3 is_stmt 1 view .LVU34
 132              		.loc 1 67 24 is_stmt 0 view .LVU35
 133 0074 0694     		str	r4, [sp, #24]
  68:Core/Src/gpio.c ****   GPIO_InitStruct.Speed = GPIO_SPEED_FREQ_LOW;
 134              		.loc 1 68 3 is_stmt 1 view .LVU36
 135              		.loc 1 68 25 is_stmt 0 view .LVU37
 136 0076 0796     		str	r6, [sp, #28]
  69:Core/Src/gpio.c ****   HAL_GPIO_Init(GPIOB, &GPIO_InitStruct);
 137              		.loc 1 69 3 is_stmt 1 view .LVU38
 138 0078 04A9     		add	r1, sp, #16
 139 007a 2846     		mov	r0, r5
 140 007c FFF7FEFF 		bl	HAL_GPIO_Init
 141              	.LVL3:
  70:Core/Src/gpio.c **** 
  71:Core/Src/gpio.c **** }
 142              		.loc 1 71 1 is_stmt 0 view .LVU39
 143 0080 09B0     		add	sp, sp, #36
 144              	.LCFI2:
 145              		.cfi_def_cfa_offset 20
 146              		@ sp needed
 147 0082 F0BD     		pop	{r4, r5, r6, r7, pc}
 148              	.L4:
 149              		.align	2
 150              	.L3:
 151 0084 00100240 		.word	1073876992
 152 0088 000C0140 		.word	1073810432
 153              		.cfi_endproc
 154              	.LFE65:
 156              		.text
 157              	.Letext0:
 158              		.file 2 "/nix/store/244x2dv48nan65bmpk2pv3pfl5s5jjn8-gcc-arm-embedded-12.3.rel1/arm-none-eabi/incl
 159              		.file 3 "/nix/store/244x2dv48nan65bmpk2pv3pfl5s5jjn8-gcc-arm-embedded-12.3.rel1/arm-none-eabi/incl
ARM GAS  /tmp/cclbmF0M.s 			page 5


 160              		.file 4 "Drivers/CMSIS/Device/ST/STM32F1xx/Include/stm32f103xb.h"
 161              		.file 5 "Drivers/STM32F1xx_HAL_Driver/Inc/stm32f1xx_hal_gpio.h"
ARM GAS  /tmp/cclbmF0M.s 			page 6


DEFINED SYMBOLS
                            *ABS*:00000000 gpio.c
     /tmp/cclbmF0M.s:19     .text.MX_GPIO_Init:00000000 $t
     /tmp/cclbmF0M.s:25     .text.MX_GPIO_Init:00000000 MX_GPIO_Init
     /tmp/cclbmF0M.s:151    .text.MX_GPIO_Init:00000084 $d

UNDEFINED SYMBOLS
HAL_GPIO_WritePin
HAL_GPIO_Init
