ARM GAS  /tmp/ccuSGX3S.s 			page 1


   1              		.cpu cortex-m3
   2              		.arch armv7-m
   3              		.fpu softvfp
   4              		.eabi_attribute 20, 1
   5              		.eabi_attribute 21, 1
   6              		.eabi_attribute 23, 3
   7              		.eabi_attribute 24, 1
   8              		.eabi_attribute 25, 1
   9              		.eabi_attribute 26, 1
  10              		.eabi_attribute 30, 1
  11              		.eabi_attribute 34, 1
  12              		.eabi_attribute 18, 4
  13              		.file	"gpio.c"
  14              		.text
  15              	.Ltext0:
  16              		.cfi_sections	.debug_frame
  17              		.file 1 "Core/Src/gpio.c"
  18              		.section	.text.MX_GPIO_Init,"ax",%progbits
  19              		.align	1
  20              		.global	MX_GPIO_Init
  21              		.syntax unified
  22              		.thumb
  23              		.thumb_func
  25              	MX_GPIO_Init:
  26              	.LFB65:
   1:Core/Src/gpio.c **** /* USER CODE BEGIN Header */
   2:Core/Src/gpio.c **** /**
   3:Core/Src/gpio.c ****   ******************************************************************************
   4:Core/Src/gpio.c ****   * @file    gpio.c
   5:Core/Src/gpio.c ****   * @brief   This file provides code for the configuration
   6:Core/Src/gpio.c ****   *          of all used GPIO pins.
   7:Core/Src/gpio.c ****   ******************************************************************************
   8:Core/Src/gpio.c ****   * @attention
   9:Core/Src/gpio.c ****   *
  10:Core/Src/gpio.c ****   * Copyright (c) 2024 STMicroelectronics.
  11:Core/Src/gpio.c ****   * All rights reserved.
  12:Core/Src/gpio.c ****   *
  13:Core/Src/gpio.c ****   * This software is licensed under terms that can be found in the LICENSE file
  14:Core/Src/gpio.c ****   * in the root directory of this software component.
  15:Core/Src/gpio.c ****   * If no LICENSE file comes with this software, it is provided AS-IS.
  16:Core/Src/gpio.c ****   *
  17:Core/Src/gpio.c ****   ******************************************************************************
  18:Core/Src/gpio.c ****   */
  19:Core/Src/gpio.c **** /* USER CODE END Header */
  20:Core/Src/gpio.c **** 
  21:Core/Src/gpio.c **** /* Includes ------------------------------------------------------------------*/
  22:Core/Src/gpio.c **** #include "gpio.h"
  23:Core/Src/gpio.c **** 
  24:Core/Src/gpio.c **** /* USER CODE BEGIN 0 */
  25:Core/Src/gpio.c **** 
  26:Core/Src/gpio.c **** /* USER CODE END 0 */
  27:Core/Src/gpio.c **** 
  28:Core/Src/gpio.c **** /*----------------------------------------------------------------------------*/
  29:Core/Src/gpio.c **** /* Configure GPIO                                                             */
  30:Core/Src/gpio.c **** /*----------------------------------------------------------------------------*/
  31:Core/Src/gpio.c **** /* USER CODE BEGIN 1 */
  32:Core/Src/gpio.c **** 
ARM GAS  /tmp/ccuSGX3S.s 			page 2


  33:Core/Src/gpio.c **** /* USER CODE END 1 */
  34:Core/Src/gpio.c **** 
  35:Core/Src/gpio.c **** /** Configure pins as
  36:Core/Src/gpio.c ****         * Analog
  37:Core/Src/gpio.c ****         * Input
  38:Core/Src/gpio.c ****         * Output
  39:Core/Src/gpio.c ****         * EVENT_OUT
  40:Core/Src/gpio.c ****         * EXTI
  41:Core/Src/gpio.c **** */
  42:Core/Src/gpio.c **** void MX_GPIO_Init(void)
  43:Core/Src/gpio.c **** {
  27              		.loc 1 43 1 view -0
  28              		.cfi_startproc
  29              		@ args = 0, pretend = 0, frame = 32
  30              		@ frame_needed = 0, uses_anonymous_args = 0
  31 0000 00B5     		push	{lr}
  32              	.LCFI0:
  33              		.cfi_def_cfa_offset 4
  34              		.cfi_offset 14, -4
  35 0002 89B0     		sub	sp, sp, #36
  36              	.LCFI1:
  37              		.cfi_def_cfa_offset 40
  44:Core/Src/gpio.c **** 
  45:Core/Src/gpio.c ****   GPIO_InitTypeDef GPIO_InitStruct = {0};
  38              		.loc 1 45 3 view .LVU1
  39              		.loc 1 45 20 is_stmt 0 view .LVU2
  40 0004 0023     		movs	r3, #0
  41 0006 0493     		str	r3, [sp, #16]
  42 0008 0593     		str	r3, [sp, #20]
  43 000a 0693     		str	r3, [sp, #24]
  44 000c 0793     		str	r3, [sp, #28]
  46:Core/Src/gpio.c **** 
  47:Core/Src/gpio.c ****   /* GPIO Ports Clock Enable */
  48:Core/Src/gpio.c ****   __HAL_RCC_GPIOD_CLK_ENABLE();
  45              		.loc 1 48 3 is_stmt 1 view .LVU3
  46              	.LBB2:
  47              		.loc 1 48 3 view .LVU4
  48              		.loc 1 48 3 view .LVU5
  49 000e 03F18043 		add	r3, r3, #1073741824
  50 0012 03F50433 		add	r3, r3, #135168
  51 0016 9A69     		ldr	r2, [r3, #24]
  52 0018 42F02002 		orr	r2, r2, #32
  53 001c 9A61     		str	r2, [r3, #24]
  54              		.loc 1 48 3 view .LVU6
  55 001e 9A69     		ldr	r2, [r3, #24]
  56 0020 02F02002 		and	r2, r2, #32
  57 0024 0192     		str	r2, [sp, #4]
  58              		.loc 1 48 3 view .LVU7
  59 0026 019A     		ldr	r2, [sp, #4]
  60              	.LBE2:
  61              		.loc 1 48 3 view .LVU8
  49:Core/Src/gpio.c ****   __HAL_RCC_GPIOA_CLK_ENABLE();
  62              		.loc 1 49 3 view .LVU9
  63              	.LBB3:
  64              		.loc 1 49 3 view .LVU10
  65              		.loc 1 49 3 view .LVU11
  66 0028 9A69     		ldr	r2, [r3, #24]
ARM GAS  /tmp/ccuSGX3S.s 			page 3


  67 002a 42F00402 		orr	r2, r2, #4
  68 002e 9A61     		str	r2, [r3, #24]
  69              		.loc 1 49 3 view .LVU12
  70 0030 9A69     		ldr	r2, [r3, #24]
  71 0032 02F00402 		and	r2, r2, #4
  72 0036 0292     		str	r2, [sp, #8]
  73              		.loc 1 49 3 view .LVU13
  74 0038 029A     		ldr	r2, [sp, #8]
  75              	.LBE3:
  76              		.loc 1 49 3 view .LVU14
  50:Core/Src/gpio.c ****   __HAL_RCC_GPIOB_CLK_ENABLE();
  77              		.loc 1 50 3 view .LVU15
  78              	.LBB4:
  79              		.loc 1 50 3 view .LVU16
  80              		.loc 1 50 3 view .LVU17
  81 003a 9A69     		ldr	r2, [r3, #24]
  82 003c 42F00802 		orr	r2, r2, #8
  83 0040 9A61     		str	r2, [r3, #24]
  84              		.loc 1 50 3 view .LVU18
  85 0042 9B69     		ldr	r3, [r3, #24]
  86 0044 03F00803 		and	r3, r3, #8
  87 0048 0393     		str	r3, [sp, #12]
  88              		.loc 1 50 3 view .LVU19
  89 004a 039B     		ldr	r3, [sp, #12]
  90              	.LBE4:
  91              		.loc 1 50 3 view .LVU20
  51:Core/Src/gpio.c **** 
  52:Core/Src/gpio.c ****   /*Configure GPIO pin : PA7 */
  53:Core/Src/gpio.c ****   GPIO_InitStruct.Pin = GPIO_PIN_7;
  92              		.loc 1 53 3 view .LVU21
  93              		.loc 1 53 23 is_stmt 0 view .LVU22
  94 004c 8023     		movs	r3, #128
  95 004e 0493     		str	r3, [sp, #16]
  54:Core/Src/gpio.c ****   GPIO_InitStruct.Mode = GPIO_MODE_INPUT;
  96              		.loc 1 54 3 is_stmt 1 view .LVU23
  55:Core/Src/gpio.c ****   GPIO_InitStruct.Pull = GPIO_NOPULL;
  97              		.loc 1 55 3 view .LVU24
  56:Core/Src/gpio.c ****   HAL_GPIO_Init(GPIOA, &GPIO_InitStruct);
  98              		.loc 1 56 3 view .LVU25
  99 0050 04A9     		add	r1, sp, #16
 100 0052 0348     		ldr	r0, .L3
 101 0054 FFF7FEFF 		bl	HAL_GPIO_Init
 102              	.LVL0:
  57:Core/Src/gpio.c **** 
  58:Core/Src/gpio.c **** }
 103              		.loc 1 58 1 is_stmt 0 view .LVU26
 104 0058 09B0     		add	sp, sp, #36
 105              	.LCFI2:
 106              		.cfi_def_cfa_offset 4
 107              		@ sp needed
 108 005a 5DF804FB 		ldr	pc, [sp], #4
 109              	.L4:
 110 005e 00BF     		.align	2
 111              	.L3:
 112 0060 00080140 		.word	1073809408
 113              		.cfi_endproc
 114              	.LFE65:
ARM GAS  /tmp/ccuSGX3S.s 			page 4


 116              		.text
 117              	.Letext0:
 118              		.file 2 "/nix/store/244x2dv48nan65bmpk2pv3pfl5s5jjn8-gcc-arm-embedded-12.3.rel1/arm-none-eabi/incl
 119              		.file 3 "/nix/store/244x2dv48nan65bmpk2pv3pfl5s5jjn8-gcc-arm-embedded-12.3.rel1/arm-none-eabi/incl
 120              		.file 4 "Drivers/CMSIS/Device/ST/STM32F1xx/Include/stm32f103xb.h"
 121              		.file 5 "Drivers/STM32F1xx_HAL_Driver/Inc/stm32f1xx_hal_gpio.h"
ARM GAS  /tmp/ccuSGX3S.s 			page 5


DEFINED SYMBOLS
                            *ABS*:00000000 gpio.c
     /tmp/ccuSGX3S.s:19     .text.MX_GPIO_Init:00000000 $t
     /tmp/ccuSGX3S.s:25     .text.MX_GPIO_Init:00000000 MX_GPIO_Init
     /tmp/ccuSGX3S.s:112    .text.MX_GPIO_Init:00000060 $d

UNDEFINED SYMBOLS
HAL_GPIO_Init
